## SLURM PROLOG ###############################################################
##    Job ID : 11952421
##  Job Name : run_incremental_cifar_bdl_l2
##  Nodelist : gpu2101
##      CPUs : 
##  Mem/Node : 65536 MB
## Directory : /oscar/home/tserapio/jax_cl/impl_nnx
##   Job Started : Sun Jul  6 08:04:49 PM EDT 2025
###############################################################################
Loaded config from ./cfg/base_deep_learning_system.json
Running experiment 0
Config loaded from: ./cfg/base_deep_learning_system.json
Experiment Configuration:
  Learning rate (stepsize): 0.1
  Momentum: 0.9
  Weight decay: 0.0005
  Noise std: 0.0
  Data path: ./data
  Results dir: ./results
  Experiment name: base_deep_learning_system
  Use CBP: False
  Compute Hessian: True
    Hessian size: 100
    Hessian interval: 1
	Epoch number: 1
		Step Number: 25
		Online accuracy: 0.28
		train accuracy: 0.2760
		test accuracy: 0.4000
		validation accuracy: 0.4000
		Epoch run time in seconds: 24.8184
	Epoch number: 2
		Step Number: 25
		Online accuracy: 0.26
		train accuracy: 0.2631
		test accuracy: 0.2000
		validation accuracy: 0.2000
		Epoch run time in seconds: 2.0383
	Epoch number: 3
		Step Number: 25
		Online accuracy: 0.25
		train accuracy: 0.2462
		test accuracy: 0.2000
		validation accuracy: 0.2000
		Epoch run time in seconds: 1.9836
	Epoch number: 4
		Step Number: 25
		Online accuracy: 0.23
		train accuracy: 0.2329
		test accuracy: 0.2000
		validation accuracy: 0.2000
		Epoch run time in seconds: 1.9653
	Epoch number: 5
		Step Number: 25
		Online accuracy: 0.26
		train accuracy: 0.2556
		test accuracy: 0.2000
		validation accuracy: 0.2000
		Epoch run time in seconds: 1.9906
	Epoch number: 6
		Step Number: 25
		Online accuracy: 0.27
		train accuracy: 0.2702
		test accuracy: 0.2000
		validation accuracy: 0.2000
		Epoch run time in seconds: 2.0215
	Epoch number: 7
		Step Number: 25
		Online accuracy: 0.28
		train accuracy: 0.2751
		test accuracy: 0.2000
		validation accuracy: 0.2000
		Epoch run time in seconds: 2.2134
	Epoch number: 8
		Step Number: 25
		Online accuracy: 0.24
		train accuracy: 0.2387
		test accuracy: 0.2000
		validation accuracy: 0.2000
		Epoch run time in seconds: 2.0114
	Epoch number: 9
		Step Number: 25
		Online accuracy: 0.25
		train accuracy: 0.2516
		test accuracy: 0.2000
		validation accuracy: 0.2000
		Epoch run time in seconds: 2.0301
	Epoch number: 10
		Step Number: 25
		Online accuracy: 0.25
		train accuracy: 0.2480
		test accuracy: 0.2000
		validation accuracy: 0.2000
		Epoch run time in seconds: 2.0128
	Epoch number: 11
		Step Number: 25
		Online accuracy: 0.20
		train accuracy: 0.2018
		test accuracy: 0.2000
		validation accuracy: 0.2000
		Epoch run time in seconds: 2.0139
	Epoch number: 12
		Step Number: 25
		Online accuracy: 0.20
		train accuracy: 0.2000
		test accuracy: 0.2000
		validation accuracy: 0.2000
		Epoch run time in seconds: 1.9928
	Epoch number: 13
		Step Number: 25
		Online accuracy: 0.20
		train accuracy: 0.2000
		test accuracy: 0.2000
		validation accuracy: 0.2000
		Epoch run time in seconds: 2.0401
	Epoch number: 14
		Step Number: 25
		Online accuracy: 0.20
		train accuracy: 0.2000
		test accuracy: 0.2000
		validation accuracy: 0.2000
		Epoch run time in seconds: 2.0068
	Epoch number: 15
		Step Number: 25
		Online accuracy: 0.20
		train accuracy: 0.2000
		test accuracy: 0.2000
		validation accuracy: 0.2000
		Epoch run time in seconds: 2.0494
	Epoch number: 16
		Step Number: 25
		Online accuracy: 0.20
		train accuracy: 0.2000
		test accuracy: 0.2000
		validation accuracy: 0.2000
		Epoch run time in seconds: 2.0345
	Epoch number: 17
		Step Number: 25
		Online accuracy: 0.20
		train accuracy: 0.2000
		test accuracy: 0.2000
		validation accuracy: 0.2000
		Epoch run time in seconds: 2.0352
	Epoch number: 18
		Step Number: 25
		Online accuracy: 0.20
		train accuracy: 0.2000
		test accuracy: 0.2000
		validation accuracy: 0.2000
		Epoch run time in seconds: 2.0034
	Epoch number: 19
		Step Number: 25
		Online accuracy: 0.20
		train accuracy: 0.2000
		test accuracy: 0.2000
		validation accuracy: 0.2000
		Epoch run time in seconds: 2.0173
	Epoch number: 20
		Step Number: 25
		Online accuracy: 0.20
		train accuracy: 0.2000
		test accuracy: 0.2000
		validation accuracy: 0.2000
		Epoch run time in seconds: 2.0242
	Epoch number: 21
		Step Number: 25
		Online accuracy: 0.20
		train accuracy: 0.2000
		test accuracy: 0.2000
		validation accuracy: 0.2000
		Epoch run time in seconds: 2.0056
	Epoch number: 22
		Step Number: 25
		Online accuracy: 0.20
		train accuracy: 0.2000
		test accuracy: 0.2000
		validation accuracy: 0.2000
		Epoch run time in seconds: 2.0474
	Epoch number: 23
		Step Number: 25
		Online accuracy: 0.20
		train accuracy: 0.2000
		test accuracy: 0.2000
		validation accuracy: 0.2000
		Epoch run time in seconds: 2.0472
	Epoch number: 24
		Step Number: 25
		Online accuracy: 0.20
		train accuracy: 0.2000
		test accuracy: 0.2000
		validation accuracy: 0.2000
		Epoch run time in seconds: 1.9880
	Epoch number: 25
		Step Number: 25
		Online accuracy: 0.20
		train accuracy: 0.2000
		test accuracy: 0.2000
		validation accuracy: 0.2000
		Epoch run time in seconds: 2.0106
	Epoch number: 26
		Step Number: 25
		Online accuracy: 0.20
		train accuracy: 0.2000
		test accuracy: 0.2000
		validation accuracy: 0.2000
		Epoch run time in seconds: 2.0097
	Epoch number: 27
		Step Number: 25
		Online accuracy: 0.20
		train accuracy: 0.2000
		test accuracy: 0.2000
		validation accuracy: 0.2000
		Epoch run time in seconds: 2.7417
	Epoch number: 28
		Step Number: 25
		Online accuracy: 0.20
		train accuracy: 0.2000
		test accuracy: 0.2000
		validation accuracy: 0.2000
		Epoch run time in seconds: 2.0394
	Epoch number: 29
		Step Number: 25
		Online accuracy: 0.20
		train accuracy: 0.2000
		test accuracy: 0.2000
		validation accuracy: 0.2000
		Epoch run time in seconds: 2.0173
	Epoch number: 30
		Step Number: 25
		Online accuracy: 0.20
		train accuracy: 0.2000
		test accuracy: 0.2000
		validation accuracy: 0.2000
		Epoch run time in seconds: 2.0396
	Epoch number: 31
		Step Number: 25
		Online accuracy: 0.20
		train accuracy: 0.2000
		test accuracy: 0.2000
		validation accuracy: 0.2000
		Epoch run time in seconds: 1.9821
	Epoch number: 32
		Step Number: 25
		Online accuracy: 0.20
		train accuracy: 0.2000
		test accuracy: 0.2000
		validation accuracy: 0.2000
		Epoch run time in seconds: 1.9910
	Epoch number: 33
		Step Number: 25
		Online accuracy: 0.20
		train accuracy: 0.2000
		test accuracy: 0.2000
		validation accuracy: 0.2000
		Epoch run time in seconds: 2.0202
	Epoch number: 34
		Step Number: 25
		Online accuracy: 0.20
		train accuracy: 0.2000
		test accuracy: 0.2000
		validation accuracy: 0.2000
		Epoch run time in seconds: 2.0495
	Epoch number: 35
		Step Number: 25
		Online accuracy: 0.20
		train accuracy: 0.2000
		test accuracy: 0.2000
		validation accuracy: 0.2000
		Epoch run time in seconds: 2.0295
	Epoch number: 36
		Step Number: 25
		Online accuracy: 0.20
		train accuracy: 0.2000
		test accuracy: 0.2000
		validation accuracy: 0.2000
		Epoch run time in seconds: 2.0148
	Epoch number: 37
		Step Number: 25
		Online accuracy: 0.20
		train accuracy: 0.2000
		test accuracy: 0.2000
		validation accuracy: 0.2000
		Epoch run time in seconds: 2.0720
	Epoch number: 38
		Step Number: 25
		Online accuracy: 0.20
		train accuracy: 0.2000
		test accuracy: 0.2000
		validation accuracy: 0.2000
		Epoch run time in seconds: 1.9610
	Epoch number: 39
		Step Number: 25
		Online accuracy: 0.20
		train accuracy: 0.2000
		test accuracy: 0.2000
		validation accuracy: 0.2000
		Epoch run time in seconds: 2.0130
	Epoch number: 40
		Step Number: 25
		Online accuracy: 0.20
		train accuracy: 0.2000
		test accuracy: 0.2000
		validation accuracy: 0.2000
		Epoch run time in seconds: 2.0165
	Epoch number: 41
		Step Number: 25
		Online accuracy: 0.20
		train accuracy: 0.2000
		test accuracy: 0.2000
		validation accuracy: 0.2000
		Epoch run time in seconds: 1.9813
	Epoch number: 42
		Step Number: 25
		Online accuracy: 0.20
		train accuracy: 0.2000
		test accuracy: 0.2000
		validation accuracy: 0.2000
		Epoch run time in seconds: 2.0264
	Epoch number: 43
		Step Number: 25
		Online accuracy: 0.20
		train accuracy: 0.2000
		test accuracy: 0.2000
		validation accuracy: 0.2000
		Epoch run time in seconds: 2.0155
	Epoch number: 44
		Step Number: 25
		Online accuracy: 0.20
		train accuracy: 0.2000
		test accuracy: 0.2000
		validation accuracy: 0.2000
		Epoch run time in seconds: 2.0112
	Epoch number: 45
		Step Number: 25
		Online accuracy: 0.20
		train accuracy: 0.2000
		test accuracy: 0.2000
		validation accuracy: 0.2000
		Epoch run time in seconds: 2.0094
	Epoch number: 46
		Step Number: 25
		Online accuracy: 0.20
		train accuracy: 0.2000
		test accuracy: 0.2000
		validation accuracy: 0.2000
		Epoch run time in seconds: 2.5400
	Epoch number: 47
		Step Number: 25
		Online accuracy: 0.20
		train accuracy: 0.2000
		test accuracy: 0.2000
		validation accuracy: 0.2000
		Epoch run time in seconds: 1.9971
	Epoch number: 48
		Step Number: 25
		Online accuracy: 0.20
		train accuracy: 0.2000
		test accuracy: 0.2000
		validation accuracy: 0.2000
		Epoch run time in seconds: 2.0439
	Epoch number: 49
		Step Number: 25
		Online accuracy: 0.20
		train accuracy: 0.2000
		test accuracy: 0.2000
		validation accuracy: 0.2000
		Epoch run time in seconds: 2.0102
	Epoch number: 50
		Step Number: 25
		Online accuracy: 0.20
		train accuracy: 0.2000
		test accuracy: 0.2000
		validation accuracy: 0.2000
		Epoch run time in seconds: 1.9607
	Epoch number: 51
		Step Number: 25
		Online accuracy: 0.20
		train accuracy: 0.2000
		test accuracy: 0.2000
		validation accuracy: 0.2000
		Epoch run time in seconds: 1.9935
	Epoch number: 52
		Step Number: 25
		Online accuracy: 0.20
		train accuracy: 0.2000
		test accuracy: 0.2000
		validation accuracy: 0.2000
		Epoch run time in seconds: 2.0556
	Epoch number: 53
		Step Number: 25
		Online accuracy: 0.20
		train accuracy: 0.2000
		test accuracy: 0.2000
		validation accuracy: 0.2000
		Epoch run time in seconds: 2.0128
	Epoch number: 54
		Step Number: 25
		Online accuracy: 0.20
		train accuracy: 0.2000
		test accuracy: 0.2000
		validation accuracy: 0.2000
		Epoch run time in seconds: 2.0551
	Epoch number: 55
		Step Number: 25
		Online accuracy: 0.20
		train accuracy: 0.2000
		test accuracy: 0.2000
		validation accuracy: 0.2000
		Epoch run time in seconds: 2.0096
	Epoch number: 56
		Step Number: 25
		Online accuracy: 0.20
		train accuracy: 0.2000
		test accuracy: 0.2000
		validation accuracy: 0.2000
		Epoch run time in seconds: 2.0584
	Epoch number: 57
		Step Number: 25
		Online accuracy: 0.20
		train accuracy: 0.2000
		test accuracy: 0.2000
		validation accuracy: 0.2000
		Epoch run time in seconds: 2.0342
	Epoch number: 58
		Step Number: 25
		Online accuracy: 0.20
		train accuracy: 0.2000
		test accuracy: 0.2000
		validation accuracy: 0.2000
		Epoch run time in seconds: 2.0211
	Epoch number: 59
		Step Number: 25
		Online accuracy: 0.20
		train accuracy: 0.2000
		test accuracy: 0.2000
		validation accuracy: 0.2000
		Epoch run time in seconds: 1.9878
	Epoch number: 60
		Step Number: 25
		Online accuracy: 0.20
		train accuracy: 0.2000
		test accuracy: 0.2000
		validation accuracy: 0.2000
		Epoch run time in seconds: 2.0368
	Epoch number: 61
		Step Number: 25
		Online accuracy: 0.20
		train accuracy: 0.2000
		test accuracy: 0.2000
		validation accuracy: 0.2000
		Epoch run time in seconds: 2.0583
	Epoch number: 62
		Step Number: 25
		Online accuracy: 0.20
		train accuracy: 0.2000
		test accuracy: 0.2000
		validation accuracy: 0.2000
		Epoch run time in seconds: 2.0454
	Epoch number: 63
		Step Number: 25
		Online accuracy: 0.20
		train accuracy: 0.2000
		test accuracy: 0.2000
		validation accuracy: 0.2000
		Epoch run time in seconds: 2.0496
	Epoch number: 64
		Step Number: 25
		Online accuracy: 0.20
		train accuracy: 0.2000
		test accuracy: 0.2000
		validation accuracy: 0.2000
		Epoch run time in seconds: 2.0334
	Epoch number: 65
		Step Number: 25
		Online accuracy: 0.20
		train accuracy: 0.2000
		test accuracy: 0.2000
		validation accuracy: 0.2000
		Epoch run time in seconds: 2.0095
	Epoch number: 66
		Step Number: 25
		Online accuracy: 0.20
		train accuracy: 0.2000
		test accuracy: 0.2000
		validation accuracy: 0.2000
		Epoch run time in seconds: 2.0184
	Epoch number: 67
		Step Number: 25
		Online accuracy: 0.20
		train accuracy: 0.2000
		test accuracy: 0.2000
		validation accuracy: 0.2000
		Epoch run time in seconds: 2.1512
	Epoch number: 68
		Step Number: 25
		Online accuracy: 0.20
		train accuracy: 0.2000
		test accuracy: 0.2000
		validation accuracy: 0.2000
		Epoch run time in seconds: 2.0093
	Epoch number: 69
		Step Number: 25
		Online accuracy: 0.20
		train accuracy: 0.2000
		test accuracy: 0.2000
		validation accuracy: 0.2000
		Epoch run time in seconds: 2.0428
	Epoch number: 70
		Step Number: 25
		Online accuracy: 0.20
		train accuracy: 0.2000
		test accuracy: 0.2000
		validation accuracy: 0.2000
		Epoch run time in seconds: 2.0294
	Epoch number: 71
		Step Number: 25
		Online accuracy: 0.20
		train accuracy: 0.2000
		test accuracy: 0.2000
		validation accuracy: 0.2000
		Epoch run time in seconds: 1.9949
	Epoch number: 72
		Step Number: 25
		Online accuracy: 0.20
		train accuracy: 0.2000
		test accuracy: 0.2000
		validation accuracy: 0.2000
		Epoch run time in seconds: 1.9983
	Epoch number: 73
		Step Number: 25
		Online accuracy: 0.20
		train accuracy: 0.2000
		test accuracy: 0.2000
		validation accuracy: 0.2000
		Epoch run time in seconds: 2.0516
	Epoch number: 74
