## SLURM PROLOG ###############################################################
##    Job ID : 11942466
##  Job Name : run_incremental_cifar_bdl_l2
##  Nodelist : gpu2264
##      CPUs : 
##  Mem/Node : 65536 MB
## Directory : /oscar/home/tserapio/jax_cl/impl_nnx
##   Job Started : Fri Jul  4 01:35:22 PM EDT 2025
###############################################################################
Config file successfully stored!
✅ JAX is using GPU: cuda:0
   Available GPU devices: 1
   GPU 0: cuda:0
JAX backend: gpu
JAX version: 0.5.0
All available JAX devices: [CudaDevice(id=0)]
Saved Hessian spectrum to hessian/cifar_jax_l2/hessian_task_0_at_init.png
[Hessian-start] Task 0 — top-eigenvalue(train) ≈ 0.00394, top-eigenvalue(eval) ≈ -0.0105
	Epoch number: 1
	Task boundary: LR reset to 0.10000, optimizer state reset
	Current stepsize: 0.10000
		Step Number: 25
		Online accuracy: 0.39
		test accuracy: 0.5580
		validation accuracy: 0.5560
		Epoch run time in seconds: 17.0530
	Epoch number: 2
		Step Number: 25
		Online accuracy: 0.59
		test accuracy: 0.5320
		validation accuracy: 0.6320
		Epoch run time in seconds: 2.3315
	Epoch number: 3
		Step Number: 25
		Online accuracy: 0.59
		test accuracy: 0.5920
		validation accuracy: 0.6240
		Epoch run time in seconds: 2.3253
	Epoch number: 4
		Step Number: 25
		Online accuracy: 0.68
		test accuracy: 0.6660
		validation accuracy: 0.7520
		Epoch run time in seconds: 2.7670
	Epoch number: 5
		Step Number: 25
		Online accuracy: 0.72
		test accuracy: 0.6960
		validation accuracy: 0.7600
		Epoch run time in seconds: 2.2679
	Epoch number: 6
		Step Number: 25
		Online accuracy: 0.73
		test accuracy: 0.7080
		validation accuracy: 0.7600
		Epoch run time in seconds: 2.2994
	Epoch number: 7
		Step Number: 25
		Online accuracy: 0.75
		test accuracy: 0.7080
		validation accuracy: 0.7960
		Epoch run time in seconds: 2.2576
	Epoch number: 8
		Step Number: 25
		Online accuracy: 0.75
		test accuracy: 0.6940
		validation accuracy: 0.7480
		Epoch run time in seconds: 2.2569
	Epoch number: 9
		Step Number: 25
		Online accuracy: 0.77
		test accuracy: 0.7500
		validation accuracy: 0.8360
		Epoch run time in seconds: 2.2917
	Epoch number: 10
		Step Number: 25
		Online accuracy: 0.80
		test accuracy: 0.7240
		validation accuracy: 0.8160
		Epoch run time in seconds: 2.7311
	Epoch number: 11
		Step Number: 25
		Online accuracy: 0.78
		test accuracy: 0.7460
		validation accuracy: 0.7720
		Epoch run time in seconds: 2.3082
	Epoch number: 12
		Step Number: 25
		Online accuracy: 0.76
		test accuracy: 0.7260
		validation accuracy: 0.8160
		Epoch run time in seconds: 2.2471
	Epoch number: 13
		Step Number: 25
		Online accuracy: 0.81
		test accuracy: 0.7740
		validation accuracy: 0.8400
		Epoch run time in seconds: 2.2970
	Epoch number: 14
		Step Number: 25
		Online accuracy: 0.83
		test accuracy: 0.7620
		validation accuracy: 0.8440
		Epoch run time in seconds: 2.3280
	Epoch number: 15
		Step Number: 25
		Online accuracy: 0.82
		test accuracy: 0.7860
		validation accuracy: 0.8440
		Epoch run time in seconds: 2.9242
	Epoch number: 16
		Step Number: 25
		Online accuracy: 0.82
		test accuracy: 0.7380
		validation accuracy: 0.7920
		Epoch run time in seconds: 2.3106
	Epoch number: 17
		Step Number: 25
		Online accuracy: 0.83
		test accuracy: 0.7940
		validation accuracy: 0.8160
		Epoch run time in seconds: 2.3306
	Epoch number: 18
		Step Number: 25
		Online accuracy: 0.83
		test accuracy: 0.7500
		validation accuracy: 0.7960
		Epoch run time in seconds: 2.3768
	Epoch number: 19
		Step Number: 25
		Online accuracy: 0.82
		test accuracy: 0.7500
		validation accuracy: 0.8000
		Epoch run time in seconds: 2.2534
	Epoch number: 20
		Step Number: 25
		Online accuracy: 0.84
		test accuracy: 0.7980
		validation accuracy: 0.8280
		Epoch run time in seconds: 2.2647
	Epoch number: 21
		Step Number: 25
		Online accuracy: 0.86
		test accuracy: 0.7880
		validation accuracy: 0.8280
		Epoch run time in seconds: 2.6794
	Epoch number: 22
		Step Number: 25
		Online accuracy: 0.86
		test accuracy: 0.7660
		validation accuracy: 0.8720
		Epoch run time in seconds: 2.2926
	Epoch number: 23
		Step Number: 25
		Online accuracy: 0.86
		test accuracy: 0.8000
		validation accuracy: 0.8280
		Epoch run time in seconds: 2.3420
	Epoch number: 24
		Step Number: 25
		Online accuracy: 0.85
		test accuracy: 0.7720
		validation accuracy: 0.8400
		Epoch run time in seconds: 2.2732
	Epoch number: 25
		Step Number: 25
		Online accuracy: 0.89
		test accuracy: 0.8060
		validation accuracy: 0.8560
		Epoch run time in seconds: 2.2465
	Epoch number: 26
		Step Number: 25
		Online accuracy: 0.88
		test accuracy: 0.8040
		validation accuracy: 0.8360
		Epoch run time in seconds: 2.6474
	Epoch number: 27
		Step Number: 25
		Online accuracy: 0.90
		test accuracy: 0.8400
		validation accuracy: 0.8600
		Epoch run time in seconds: 2.2475
	Epoch number: 28
		Step Number: 25
		Online accuracy: 0.90
		test accuracy: 0.8060
		validation accuracy: 0.8720
		Epoch run time in seconds: 2.2747
	Epoch number: 29
		Step Number: 25
		Online accuracy: 0.90
		test accuracy: 0.8040
		validation accuracy: 0.8880
		Epoch run time in seconds: 2.3066
	Epoch number: 30
		Step Number: 25
		Online accuracy: 0.90
		test accuracy: 0.7900
		validation accuracy: 0.8360
		Epoch run time in seconds: 2.3260
	Epoch number: 31
		Step Number: 25
		Online accuracy: 0.89
		test accuracy: 0.7680
		validation accuracy: 0.8360
		Epoch run time in seconds: 2.3118
	Epoch number: 32
		Step Number: 25
		Online accuracy: 0.86
		test accuracy: 0.8320
		validation accuracy: 0.8720
		Epoch run time in seconds: 2.7155
	Epoch number: 33
		Step Number: 25
		Online accuracy: 0.91
		test accuracy: 0.8260
		validation accuracy: 0.8720
		Epoch run time in seconds: 2.2889
	Epoch number: 34
		Step Number: 25
		Online accuracy: 0.93
		test accuracy: 0.8340
		validation accuracy: 0.8840
		Epoch run time in seconds: 2.2292
	Epoch number: 35
		Step Number: 25
		Online accuracy: 0.92
		test accuracy: 0.8200
		validation accuracy: 0.8560
		Epoch run time in seconds: 2.3039
	Epoch number: 36
		Step Number: 25
		Online accuracy: 0.91
		test accuracy: 0.8020
		validation accuracy: 0.8480
		Epoch run time in seconds: 2.2715
	Epoch number: 37
		Step Number: 25
		Online accuracy: 0.91
		test accuracy: 0.8400
		validation accuracy: 0.8600
		Epoch run time in seconds: 2.2749
	Epoch number: 38
		Step Number: 25
		Online accuracy: 0.93
		test accuracy: 0.8180
		validation accuracy: 0.8600
		Epoch run time in seconds: 2.7586
	Epoch number: 39
		Step Number: 25
		Online accuracy: 0.92
		test accuracy: 0.8420
		validation accuracy: 0.8800
		Epoch run time in seconds: 2.3346
	Epoch number: 40
		Step Number: 25
		Online accuracy: 0.92
		test accuracy: 0.8360
		validation accuracy: 0.8720
		Epoch run time in seconds: 2.3161
	Epoch number: 41
		Step Number: 25
		Online accuracy: 0.94
		test accuracy: 0.8200
		validation accuracy: 0.8640
		Epoch run time in seconds: 2.2239
	Epoch number: 42
		Step Number: 25
		Online accuracy: 0.92
		test accuracy: 0.8100
		validation accuracy: 0.8600
		Epoch run time in seconds: 2.2630
	Epoch number: 43
		Step Number: 25
		Online accuracy: 0.92
		test accuracy: 0.8260
		validation accuracy: 0.8760
		Epoch run time in seconds: 2.6827
	Epoch number: 44
		Step Number: 25
		Online accuracy: 0.93
		test accuracy: 0.8360
		validation accuracy: 0.8920
		Epoch run time in seconds: 2.2486
	Epoch number: 45
		Step Number: 25
		Online accuracy: 0.94
		test accuracy: 0.8540
		validation accuracy: 0.8640
		Epoch run time in seconds: 2.2657
	Epoch number: 46
		Step Number: 25
		Online accuracy: 0.94
		test accuracy: 0.8460
		validation accuracy: 0.8760
		Epoch run time in seconds: 2.2970
	Epoch number: 47
		Step Number: 25
		Online accuracy: 0.94
		test accuracy: 0.8260
		validation accuracy: 0.8640
		Epoch run time in seconds: 2.1919
	Epoch number: 48
		Step Number: 25
		Online accuracy: 0.96
		test accuracy: 0.8180
		validation accuracy: 0.8880
		Epoch run time in seconds: 2.2378
	Epoch number: 49
		Step Number: 25
		Online accuracy: 0.95
		test accuracy: 0.8500
		validation accuracy: 0.8640
		Epoch run time in seconds: 2.5799
	Epoch number: 50
		Step Number: 25
		Online accuracy: 0.96
		test accuracy: 0.8520
		validation accuracy: 0.8640
		Epoch run time in seconds: 2.2095
	Epoch number: 51
		Step Number: 25
		Online accuracy: 0.96
		test accuracy: 0.8520
		validation accuracy: 0.8720
		Epoch run time in seconds: 2.2575
	Epoch number: 52
		Step Number: 25
		Online accuracy: 0.96
		test accuracy: 0.8360
		validation accuracy: 0.8920
		Epoch run time in seconds: 2.1835
	Epoch number: 53
		Step Number: 25
		Online accuracy: 0.95
		test accuracy: 0.8400
		validation accuracy: 0.8760
		Epoch run time in seconds: 2.2332
	Epoch number: 54
		Step Number: 25
		Online accuracy: 0.96
		test accuracy: 0.8580
		validation accuracy: 0.8760
		Epoch run time in seconds: 2.6117
	Epoch number: 55
		Step Number: 25
		Online accuracy: 0.96
		test accuracy: 0.8260
		validation accuracy: 0.9040
		Epoch run time in seconds: 2.3527
	Epoch number: 56
		Step Number: 25
		Online accuracy: 0.96
		test accuracy: 0.8360
		validation accuracy: 0.8600
		Epoch run time in seconds: 2.2363
	Epoch number: 57
		Step Number: 25
		Online accuracy: 0.96
		test accuracy: 0.8560
		validation accuracy: 0.8480
		Epoch run time in seconds: 2.2872
	Epoch number: 58
		Step Number: 25
		Online accuracy: 0.96
		test accuracy: 0.8520
		validation accuracy: 0.8880
		Epoch run time in seconds: 2.2389
	Epoch number: 59
		Step Number: 25
		Online accuracy: 0.98
		test accuracy: 0.8680
		validation accuracy: 0.8600
		Epoch run time in seconds: 2.2984
	Epoch number: 60
		Step Number: 25
		Online accuracy: 0.96
		test accuracy: 0.8420
		validation accuracy: 0.8800
		Epoch run time in seconds: 2.5908
	Epoch number: 61
	Mid-task: LR decay to 0.02000, optimizer state reset
	Current stepsize: 0.02000
		Step Number: 25
		Online accuracy: 0.97
		test accuracy: 0.8660
		validation accuracy: 0.8560
		Epoch run time in seconds: 2.3012
	Epoch number: 62
		Step Number: 25
		Online accuracy: 0.97
		test accuracy: 0.8500
		validation accuracy: 0.8680
		Epoch run time in seconds: 2.2224
	Epoch number: 63
		Step Number: 25
		Online accuracy: 0.97
		test accuracy: 0.8500
		validation accuracy: 0.8800
		Epoch run time in seconds: 2.2066
	Epoch number: 64
		Step Number: 25
		Online accuracy: 0.97
		test accuracy: 0.8340
		validation accuracy: 0.8480
		Epoch run time in seconds: 2.2623
	Epoch number: 65
		Step Number: 25
		Online accuracy: 0.95
		test accuracy: 0.8300
		validation accuracy: 0.8520
		Epoch run time in seconds: 2.6079
	Epoch number: 66
		Step Number: 25
		Online accuracy: 0.97
		test accuracy: 0.8580
		validation accuracy: 0.8800
		Epoch run time in seconds: 2.2292
	Epoch number: 67
		Step Number: 25
		Online accuracy: 0.97
		test accuracy: 0.8420
		validation accuracy: 0.8600
		Epoch run time in seconds: 2.2707
	Epoch number: 68
		Step Number: 25
		Online accuracy: 0.97
		test accuracy: 0.8540
		validation accuracy: 0.8680
		Epoch run time in seconds: 2.1602
	Epoch number: 69
		Step Number: 25
		Online accuracy: 0.98
		test accuracy: 0.8380
		validation accuracy: 0.8760
		Epoch run time in seconds: 2.2952
	Epoch number: 70
		Step Number: 25
		Online accuracy: 0.98
		test accuracy: 0.8280
		validation accuracy: 0.8720
		Epoch run time in seconds: 2.2387
	Epoch number: 71
		Step Number: 25
		Online accuracy: 0.97
		test accuracy: 0.8320
		validation accuracy: 0.8840
		Epoch run time in seconds: 2.5045
	Epoch number: 72
		Step Number: 25
		Online accuracy: 0.97
		test accuracy: 0.8520
		validation accuracy: 0.8760
		Epoch run time in seconds: 2.2843
	Epoch number: 73
		Step Number: 25
		Online accuracy: 0.98
		test accuracy: 0.8560
		validation accuracy: 0.8680
		Epoch run time in seconds: 2.2832
	Epoch number: 74
		Step Number: 25
		Online accuracy: 0.98
		test accuracy: 0.8360
		validation accuracy: 0.8880
		Epoch run time in seconds: 2.2902
	Epoch number: 75
		Step Number: 25
		Online accuracy: 0.98
		test accuracy: 0.8360
		validation accuracy: 0.8800
		Epoch run time in seconds: 2.2158
	Epoch number: 76
		Step Number: 25
		Online accuracy: 0.98
		test accuracy: 0.8400
		validation accuracy: 0.8720
		Epoch run time in seconds: 2.6713
	Epoch number: 77
		Step Number: 25
		Online accuracy: 0.99
		test accuracy: 0.8560
		validation accuracy: 0.8800
		Epoch run time in seconds: 2.2809
	Epoch number: 78
		Step Number: 25
		Online accuracy: 0.97
		test accuracy: 0.8340
		validation accuracy: 0.8720
		Epoch run time in seconds: 2.2158
	Epoch number: 79
		Step Number: 25
		Online accuracy: 0.98
		test accuracy: 0.8560
		validation accuracy: 0.8920
		Epoch run time in seconds: 2.2175
	Epoch number: 80
		Step Number: 25
		Online accuracy: 0.98
		test accuracy: 0.8460
		validation accuracy: 0.9000
		Epoch run time in seconds: 2.3239
	Epoch number: 81
		Step Number: 25
		Online accuracy: 0.99
		test accuracy: 0.8540
		validation accuracy: 0.8840
		Epoch run time in seconds: 2.2495
	Epoch number: 82
		Step Number: 25
		Online accuracy: 0.98
		test accuracy: 0.8480
		validation accuracy: 0.8760
		Epoch run time in seconds: 2.5114
	Epoch number: 83
		Step Number: 25
		Online accuracy: 0.99
		test accuracy: 0.8780
		validation accuracy: 0.8920
		Epoch run time in seconds: 2.2374
	Epoch number: 84
		Step Number: 25
		Online accuracy: 0.98
		test accuracy: 0.8240
		validation accuracy: 0.8760
		Epoch run time in seconds: 2.1966
	Epoch number: 85
		Step Number: 25
		Online accuracy: 0.99
		test accuracy: 0.8660
		validation accuracy: 0.8760
		Epoch run time in seconds: 2.3654
	Epoch number: 86
		Step Number: 25
		Online accuracy: 0.98
		test accuracy: 0.8520
		validation accuracy: 0.8840
		Epoch run time in seconds: 2.3156
	Epoch number: 87
		Step Number: 25
		Online accuracy: 0.98
		test accuracy: 0.8500
		validation accuracy: 0.8800
		Epoch run time in seconds: 2.5911
	Epoch number: 88
		Step Number: 25
		Online accuracy: 0.99
		test accuracy: 0.8520
		validation accuracy: 0.8640
		Epoch run time in seconds: 2.3123
	Epoch number: 89
		Step Number: 25
		Online accuracy: 0.99
		test accuracy: 0.8520
		validation accuracy: 0.8880
		Epoch run time in seconds: 2.2536
	Epoch number: 90
		Step Number: 25
		Online accuracy: 0.98
		test accuracy: 0.8460
		validation accuracy: 0.8880
		Epoch run time in seconds: 2.1640
	Epoch number: 91
		Step Number: 25
		Online accuracy: 0.99
		test accuracy: 0.8520
		validation accuracy: 0.8560
		Epoch run time in seconds: 2.2834
	Epoch number: 92
		Step Number: 25
		Online accuracy: 0.99
		test accuracy: 0.8280
		validation accuracy: 0.8800
		Epoch run time in seconds: 2.5485
	Epoch number: 93
		Step Number: 25
		Online accuracy: 0.98
		test accuracy: 0.8480
		validation accuracy: 0.8920
		Epoch run time in seconds: 2.2171
	Epoch number: 94
		Step Number: 25
		Online accuracy: 0.99
		test accuracy: 0.8760
		validation accuracy: 0.8840
		Epoch run time in seconds: 2.3009
	Epoch number: 95
		Step Number: 25
		Online accuracy: 0.99
		test accuracy: 0.8700
		validation accuracy: 0.8680
		Epoch run time in seconds: 2.2445
	Epoch number: 96
		Step Number: 25
		Online accuracy: 0.99
		test accuracy: 0.8400
		validation accuracy: 0.8840
		Epoch run time in seconds: 2.1913
	Epoch number: 97
		Step Number: 25
		Online accuracy: 0.99
		test accuracy: 0.8520
		validation accuracy: 0.8800
		Epoch run time in seconds: 2.2923
	Epoch number: 98
		Step Number: 25
		Online accuracy: 0.99
		test accuracy: 0.8600
		validation accuracy: 0.8640
		Epoch run time in seconds: 2.5828
	Epoch number: 99
		Step Number: 25
		Online accuracy: 0.99
		test accuracy: 0.8520
		validation accuracy: 0.8840
		Epoch run time in seconds: 2.2496
	Epoch number: 100
		Step Number: 25
		Online accuracy: 0.99
		test accuracy: 0.8360
		validation accuracy: 0.8840
		Epoch run time in seconds: 2.2489
	Epoch number: 101
		Step Number: 25
		Online accuracy: 0.99
		test accuracy: 0.8580
		validation accuracy: 0.8760
		Epoch run time in seconds: 2.1601
	Epoch number: 102
		Step Number: 25
		Online accuracy: 0.99
		test accuracy: 0.8560
		validation accuracy: 0.8800
		Epoch run time in seconds: 2.2369
	Epoch number: 103
		Step Number: 25
		Online accuracy: 0.99
		test accuracy: 0.8600
		validation accuracy: 0.8640
		Epoch run time in seconds: 2.2792
	Epoch number: 104
		Step Number: 25
		Online accuracy: 0.99
		test accuracy: 0.8580
		validation accuracy: 0.8840
		Epoch run time in seconds: 2.6221
	Epoch number: 105
		Step Number: 25
		Online accuracy: 0.99
		test accuracy: 0.8720
		validation accuracy: 0.8920
		Epoch run time in seconds: 2.2710
	Epoch number: 106
		Step Number: 25
		Online accuracy: 0.99
		test accuracy: 0.8580
		validation accuracy: 0.8880
		Epoch run time in seconds: 2.2483
	Epoch number: 107
		Step Number: 25
		Online accuracy: 0.99
		test accuracy: 0.8580
		validation accuracy: 0.8880
		Epoch run time in seconds: 2.2619
	Epoch number: 108
		Step Number: 25
		Online accuracy: 0.99
		test accuracy: 0.8620
		validation accuracy: 0.8880
		Epoch run time in seconds: 2.4162
	Epoch number: 109
		Step Number: 25
		Online accuracy: 0.99
		test accuracy: 0.8740
		validation accuracy: 0.8640
		Epoch run time in seconds: 2.3479
	Epoch number: 110
		Step Number: 25
		Online accuracy: 0.99
		test accuracy: 0.8540
		validation accuracy: 0.8680
		Epoch run time in seconds: 2.8171
	Epoch number: 111
		Step Number: 25
		Online accuracy: 0.99
		test accuracy: 0.8480
		validation accuracy: 0.8720
		Epoch run time in seconds: 2.3397
	Epoch number: 112
		Step Number: 25
		Online accuracy: 0.99
		test accuracy: 0.8500
		validation accuracy: 0.9080
		Epoch run time in seconds: 2.2578
	Epoch number: 113
		Step Number: 25
		Online accuracy: 0.99
		test accuracy: 0.8460
		validation accuracy: 0.8920
		Epoch run time in seconds: 2.3331
	Epoch number: 114
		Step Number: 25
		Online accuracy: 1.00
		test accuracy: 0.8700
		validation accuracy: 0.9040
		Epoch run time in seconds: 2.2900
	Epoch number: 115
		Step Number: 25
		Online accuracy: 1.00
		test accuracy: 0.8320
		validation accuracy: 0.8920
		Epoch run time in seconds: 2.6353
	Epoch number: 116
		Step Number: 25
		Online accuracy: 0.99
		test accuracy: 0.8500
		validation accuracy: 0.9000
		Epoch run time in seconds: 2.2597
	Epoch number: 117
		Step Number: 25
		Online accuracy: 0.98
		test accuracy: 0.8500
		validation accuracy: 0.8800
		Epoch run time in seconds: 2.2895
	Epoch number: 118
		Step Number: 25
		Online accuracy: 0.99
		test accuracy: 0.8440
		validation accuracy: 0.8560
		Epoch run time in seconds: 2.2708
	Epoch number: 119
		Step Number: 25
		Online accuracy: 0.99
		test accuracy: 0.8520
		validation accuracy: 0.8600
		Epoch run time in seconds: 2.2562
	Epoch number: 120
		Step Number: 25
		Online accuracy: 0.99
		test accuracy: 0.8480
		validation accuracy: 0.8760
		Epoch run time in seconds: 2.2582
	Epoch number: 121
	Mid-task: LR decay to 0.00400, optimizer state reset
	Current stepsize: 0.00400
		Step Number: 25
		Online accuracy: 1.00
		test accuracy: 0.8500
		validation accuracy: 0.8640
		Epoch run time in seconds: 2.6448
	Epoch number: 122
		Step Number: 25
		Online accuracy: 1.00
		test accuracy: 0.8720
		validation accuracy: 0.8840
		Epoch run time in seconds: 2.2533
	Epoch number: 123
		Step Number: 25
		Online accuracy: 0.99
		test accuracy: 0.8640
		validation accuracy: 0.8600
		Epoch run time in seconds: 2.3580
	Epoch number: 124
		Step Number: 25
		Online accuracy: 0.99
		test accuracy: 0.8520
		validation accuracy: 0.8640
		Epoch run time in seconds: 2.2405
	Epoch number: 125
		Step Number: 25
		Online accuracy: 0.99
		test accuracy: 0.8580
		validation accuracy: 0.8800
		Epoch run time in seconds: 2.2951
	Epoch number: 126
		Step Number: 25
		Online accuracy: 0.99
		test accuracy: 0.8420
		validation accuracy: 0.8720
		Epoch run time in seconds: 2.2646
	Epoch number: 127
		Step Number: 25
		Online accuracy: 0.99
		test accuracy: 0.8480
		validation accuracy: 0.8880
		Epoch run time in seconds: 2.5473
	Epoch number: 128
		Step Number: 25
		Online accuracy: 0.99
		test accuracy: 0.8580
		validation accuracy: 0.8800
		Epoch run time in seconds: 2.3023
	Epoch number: 129
		Step Number: 25
		Online accuracy: 0.99
		test accuracy: 0.8580
		validation accuracy: 0.8720
		Epoch run time in seconds: 2.2207
	Epoch number: 130
		Step Number: 25
		Online accuracy: 0.99
		test accuracy: 0.8520
		validation accuracy: 0.9000
		Epoch run time in seconds: 2.2899
	Epoch number: 131
		Step Number: 25
		Online accuracy: 0.99
		test accuracy: 0.8680
		validation accuracy: 0.8880
		Epoch run time in seconds: 2.2541
	Epoch number: 132
		Step Number: 25
		Online accuracy: 0.99
		test accuracy: 0.8660
		validation accuracy: 0.8960
		Epoch run time in seconds: 2.5862
	Epoch number: 133
		Step Number: 25
		Online accuracy: 0.99
		test accuracy: 0.8620
		validation accuracy: 0.8560
		Epoch run time in seconds: 2.2671
	Epoch number: 134
		Step Number: 25
		Online accuracy: 1.00
		test accuracy: 0.8480
		validation accuracy: 0.8920
		Epoch run time in seconds: 2.2098
	Epoch number: 135
		Step Number: 25
		Online accuracy: 1.00
		test accuracy: 0.8760
		validation accuracy: 0.8800
		Epoch run time in seconds: 2.3770
	Epoch number: 136
		Step Number: 25
		Online accuracy: 0.99
		test accuracy: 0.8460
		validation accuracy: 0.8720
		Epoch run time in seconds: 2.2767
	Epoch number: 137
		Step Number: 25
		Online accuracy: 0.98
		test accuracy: 0.8400
		validation accuracy: 0.8640
		Epoch run time in seconds: 2.6005
	Epoch number: 138
		Step Number: 25
		Online accuracy: 0.98
		test accuracy: 0.8440
		validation accuracy: 0.8800
		Epoch run time in seconds: 2.3697
	Epoch number: 139
		Step Number: 25
		Online accuracy: 0.99
		test accuracy: 0.8380
		validation accuracy: 0.8440
		Epoch run time in seconds: 2.2708
	Epoch number: 140
		Step Number: 25
		Online accuracy: 0.99
		test accuracy: 0.8560
		validation accuracy: 0.8600
		Epoch run time in seconds: 2.3565
	Epoch number: 141
		Step Number: 25
		Online accuracy: 0.99
		test accuracy: 0.8640
		validation accuracy: 0.8680
		Epoch run time in seconds: 2.2539
	Epoch number: 142
		Step Number: 25
		Online accuracy: 0.99
		test accuracy: 0.8620
		validation accuracy: 0.8520
		Epoch run time in seconds: 2.3379
	Epoch number: 143
		Step Number: 25
		Online accuracy: 0.99
		test accuracy: 0.8520
		validation accuracy: 0.8560
		Epoch run time in seconds: 2.6315
	Epoch number: 144
		Step Number: 25
		Online accuracy: 0.99
		test accuracy: 0.8660
		validation accuracy: 0.8840
		Epoch run time in seconds: 2.2215
	Epoch number: 145
		Step Number: 25
		Online accuracy: 0.99
		test accuracy: 0.8560
		validation accuracy: 0.8960
		Epoch run time in seconds: 2.2642
	Epoch number: 146
		Step Number: 25
		Online accuracy: 0.99
		test accuracy: 0.8640
		validation accuracy: 0.8800
		Epoch run time in seconds: 2.3427
	Epoch number: 147
		Step Number: 25
		Online accuracy: 1.00
		test accuracy: 0.8660
		validation accuracy: 0.8600
		Epoch run time in seconds: 2.3988
	Epoch number: 148
		Step Number: 25
		Online accuracy: 0.99
		test accuracy: 0.8620
		validation accuracy: 0.8800
		Epoch run time in seconds: 2.4939
	Epoch number: 149
		Step Number: 25
		Online accuracy: 0.99
		test accuracy: 0.8600
		validation accuracy: 0.8920
		Epoch run time in seconds: 2.2354
	Epoch number: 150
		Step Number: 25
		Online accuracy: 0.99
		test accuracy: 0.8440
		validation accuracy: 0.8960
		Epoch run time in seconds: 2.4441
	Epoch number: 151
		Step Number: 25
		Online accuracy: 0.99
		test accuracy: 0.8560
		validation accuracy: 0.8640
		Epoch run time in seconds: 2.3424
	Epoch number: 152
		Step Number: 25
		Online accuracy: 0.99
		test accuracy: 0.8700
		validation accuracy: 0.8920
		Epoch run time in seconds: 2.3048
	Epoch number: 153
		Step Number: 25
		Online accuracy: 0.99
		test accuracy: 0.8600
		validation accuracy: 0.8880
		Epoch run time in seconds: 2.3770
	Epoch number: 154
		Step Number: 25
		Online accuracy: 0.99
		test accuracy: 0.8580
		validation accuracy: 0.8800
		Epoch run time in seconds: 2.8663
	Epoch number: 155
		Step Number: 25
		Online accuracy: 0.99
		test accuracy: 0.8580
		validation accuracy: 0.8640
		Epoch run time in seconds: 2.2444
	Epoch number: 156
		Step Number: 25
		Online accuracy: 0.99
		test accuracy: 0.8460
		validation accuracy: 0.8760
		Epoch run time in seconds: 2.4071
	Epoch number: 157
		Step Number: 25
		Online accuracy: 0.99
		test accuracy: 0.8520
		validation accuracy: 0.8720
		Epoch run time in seconds: 2.3647
	Epoch number: 158
		Step Number: 25
		Online accuracy: 0.99
		test accuracy: 0.8720
		validation accuracy: 0.8760
		Epoch run time in seconds: 2.2849
	Epoch number: 159
		Step Number: 25
		Online accuracy: 0.99
		test accuracy: 0.8660
		validation accuracy: 0.8920
		Epoch run time in seconds: 2.2453
	Epoch number: 160
		Step Number: 25
		Online accuracy: 0.99
		test accuracy: 0.8380
		validation accuracy: 0.8760
		Epoch run time in seconds: 2.7462
	Epoch number: 161
	Mid-task: LR decay to 0.00080, optimizer state reset
	Current stepsize: 0.00080
		Step Number: 25
		Online accuracy: 0.99
		test accuracy: 0.8760
		validation accuracy: 0.8840
		Epoch run time in seconds: 2.3094
	Epoch number: 162
		Step Number: 25
		Online accuracy: 0.99
		test accuracy: 0.8620
		validation accuracy: 0.8480
		Epoch run time in seconds: 2.2380
	Epoch number: 163
		Step Number: 25
		Online accuracy: 0.99
		test accuracy: 0.8740
		validation accuracy: 0.8720
		Epoch run time in seconds: 2.3104
	Epoch number: 164
		Step Number: 25
		Online accuracy: 0.99
		test accuracy: 0.8680
		validation accuracy: 0.8720
		Epoch run time in seconds: 2.3312
	Epoch number: 165
		Step Number: 25
		Online accuracy: 0.99
		test accuracy: 0.8520
		validation accuracy: 0.8720
		Epoch run time in seconds: 2.6734
	Epoch number: 166
		Step Number: 25
		Online accuracy: 0.99
		test accuracy: 0.8480
		validation accuracy: 0.8680
		Epoch run time in seconds: 2.3681
	Epoch number: 167
		Step Number: 25
		Online accuracy: 0.99
		test accuracy: 0.8600
		validation accuracy: 0.8800
		Epoch run time in seconds: 2.4794
	Epoch number: 168
		Step Number: 25
		Online accuracy: 0.99
		test accuracy: 0.8500
		validation accuracy: 0.8640
		Epoch run time in seconds: 2.2267
	Epoch number: 169
		Step Number: 25
		Online accuracy: 0.99
		test accuracy: 0.8600
		validation accuracy: 0.8760
		Epoch run time in seconds: 2.3109
	Epoch number: 170
		Step Number: 25
		Online accuracy: 0.99
		test accuracy: 0.8420
		validation accuracy: 0.8760
		Epoch run time in seconds: 2.3765
	Epoch number: 171
		Step Number: 25
		Online accuracy: 1.00
		test accuracy: 0.8540
		validation accuracy: 0.8560
		Epoch run time in seconds: 2.6885
	Epoch number: 172
		Step Number: 25
		Online accuracy: 0.99
		test accuracy: 0.8440
		validation accuracy: 0.8760
		Epoch run time in seconds: 2.3436
	Epoch number: 173
		Step Number: 25
		Online accuracy: 0.99
		test accuracy: 0.8540
		validation accuracy: 0.8840
		Epoch run time in seconds: 2.2584
	Epoch number: 174
		Step Number: 25
		Online accuracy: 0.99
		test accuracy: 0.8460
		validation accuracy: 0.8800
		Epoch run time in seconds: 2.3214
	Epoch number: 175
		Step Number: 25
		Online accuracy: 0.99
		test accuracy: 0.8560
		validation accuracy: 0.8800
		Epoch run time in seconds: 2.3694
	Epoch number: 176
		Step Number: 25
		Online accuracy: 1.00
		test accuracy: 0.8800
		validation accuracy: 0.8960
		Epoch run time in seconds: 2.3640
	Epoch number: 177
		Step Number: 25
		Online accuracy: 0.99
		test accuracy: 0.8440
		validation accuracy: 0.8600
		Epoch run time in seconds: 3.4812
	Epoch number: 178
		Step Number: 25
		Online accuracy: 0.99
		test accuracy: 0.8460
		validation accuracy: 0.8920
		Epoch run time in seconds: 2.4032
	Epoch number: 179
		Step Number: 25
		Online accuracy: 0.99
		test accuracy: 0.8500
		validation accuracy: 0.8760
		Epoch run time in seconds: 2.4580
	Epoch number: 180
		Step Number: 25
		Online accuracy: 0.99
		test accuracy: 0.8600
		validation accuracy: 0.8720
		Epoch run time in seconds: 2.2276
	Epoch number: 181
		Step Number: 25
		Online accuracy: 1.00
		test accuracy: 0.8540
		validation accuracy: 0.8920
		Epoch run time in seconds: 2.1964
	Epoch number: 182
		Step Number: 25
		Online accuracy: 0.99
		test accuracy: 0.8380
		validation accuracy: 0.8720
		Epoch run time in seconds: 2.7408
	Epoch number: 183
		Step Number: 25
		Online accuracy: 1.00
		test accuracy: 0.8540
		validation accuracy: 0.8760
		Epoch run time in seconds: 2.3995
	Epoch number: 184
		Step Number: 25
		Online accuracy: 0.99
		test accuracy: 0.8640
		validation accuracy: 0.8880
		Epoch run time in seconds: 2.4093
	Epoch number: 185
		Step Number: 25
		Online accuracy: 0.99
		test accuracy: 0.8640
		validation accuracy: 0.8800
		Epoch run time in seconds: 2.2692
	Epoch number: 186
		Step Number: 25
		Online accuracy: 1.00
		test accuracy: 0.8640
		validation accuracy: 0.8800
		Epoch run time in seconds: 2.3387
	Epoch number: 187
		Step Number: 25
		Online accuracy: 1.00
		test accuracy: 0.8380
		validation accuracy: 0.8760
		Epoch run time in seconds: 2.2943
	Epoch number: 188
		Step Number: 25
		Online accuracy: 1.00
		test accuracy: 0.8540
		validation accuracy: 0.8840
		Epoch run time in seconds: 2.6111
	Epoch number: 189
		Step Number: 25
		Online accuracy: 0.99
		test accuracy: 0.8380
		validation accuracy: 0.8960
		Epoch run time in seconds: 2.3923
	Epoch number: 190
		Step Number: 25
		Online accuracy: 1.00
		test accuracy: 0.8560
		validation accuracy: 0.8920
		Epoch run time in seconds: 2.4710
	Epoch number: 191
		Step Number: 25
		Online accuracy: 0.99
		test accuracy: 0.8600
		validation accuracy: 0.8800
		Epoch run time in seconds: 2.2925
	Epoch number: 192
		Step Number: 25
		Online accuracy: 0.99
		test accuracy: 0.8620
		validation accuracy: 0.8840
		Epoch run time in seconds: 2.4629
	Epoch number: 193
		Step Number: 25
		Online accuracy: 0.99
		test accuracy: 0.8620
		validation accuracy: 0.8840
		Epoch run time in seconds: 2.6175
	Epoch number: 194
		Step Number: 25
		Online accuracy: 0.99
		test accuracy: 0.8640
		validation accuracy: 0.8880
		Epoch run time in seconds: 2.2183
	Epoch number: 195
		Step Number: 25
		Online accuracy: 0.99
		test accuracy: 0.8440
		validation accuracy: 0.8840
		Epoch run time in seconds: 2.4988
	Epoch number: 196
		Step Number: 25
		Online accuracy: 0.99
		test accuracy: 0.8540
		validation accuracy: 0.8840
		Epoch run time in seconds: 2.4000
	Epoch number: 197
		Step Number: 25
		Online accuracy: 0.99
		test accuracy: 0.8660
		validation accuracy: 0.8760
		Epoch run time in seconds: 2.3846
	Epoch number: 198
		Step Number: 25
		Online accuracy: 0.99
		test accuracy: 0.8680
		validation accuracy: 0.8840
		Epoch run time in seconds: 2.3697
	Epoch number: 199
		Step Number: 25
		Online accuracy: 1.00
		test accuracy: 0.8620
		validation accuracy: 0.8640
		Epoch run time in seconds: 2.6207
	Epoch number: 200
		Step Number: 25
		Online accuracy: 0.99
		test accuracy: 0.8540
		validation accuracy: 0.8880
		Epoch run time in seconds: 2.3683
Saved Hessian spectrum to hessian/cifar_jax_l2/hessian_task_0_end.png
[Hessian-end] Task 0 — top-eigenvalue(train) ≈ 4.01e-07, top-eigenvalue(eval) ≈ 0.00136
Best accuracy in the task: 0.9080
	New class added...
	Current classes: 10/100
Saved Hessian spectrum to hessian/cifar_jax_l2/hessian_task_1_at_init.png
[Hessian-start] Task 1 — top-eigenvalue(train) ≈ -1.69e-05, top-eigenvalue(eval) ≈ 0.000442
Checkpoint was successfully saved at:
	/oscar/home/tserapio/jax_cl/impl_nnx/results/base_deep_learning_system/experiment_checkpoints/index-0_current_epoch-200.p
	Epoch number: 201
	Task boundary: LR reset to 0.10000, optimizer state reset
	Current stepsize: 0.10000
		Step Number: 25
		Online accuracy: 0.49
		Step Number: 50
		Online accuracy: 0.60
		test accuracy: 0.5770
		validation accuracy: 0.5960
		Epoch run time in seconds: 10.3129
	Epoch number: 202
		Step Number: 25
		Online accuracy: 0.66
		Step Number: 50
		Online accuracy: 0.71
		test accuracy: 0.6590
		validation accuracy: 0.6880
		Epoch run time in seconds: 3.2205
	Epoch number: 203
		Step Number: 25
		Online accuracy: 0.72
		Step Number: 50
		Online accuracy: 0.73
		test accuracy: 0.6560
		validation accuracy: 0.6760
		Epoch run time in seconds: 3.2772
	Epoch number: 204
		Step Number: 25
		Online accuracy: 0.75
		Step Number: 50
		Online accuracy: 0.75
		test accuracy: 0.6770
		validation accuracy: 0.6660
		Epoch run time in seconds: 3.5978
	Epoch number: 205
		Step Number: 25
		Online accuracy: 0.76
		Step Number: 50
		Online accuracy: 0.78
		test accuracy: 0.6730
		validation accuracy: 0.7020
		Epoch run time in seconds: 3.2968
	Epoch number: 206
		Step Number: 25
		Online accuracy: 0.78
		Step Number: 50
		Online accuracy: 0.77
		test accuracy: 0.7080
		validation accuracy: 0.7000
		Epoch run time in seconds: 3.2352
	Epoch number: 207
		Step Number: 25
		Online accuracy: 0.79
		Step Number: 50
		Online accuracy: 0.79
		test accuracy: 0.7070
		validation accuracy: 0.7040
		Epoch run time in seconds: 3.5858
	Epoch number: 208
		Step Number: 25
		Online accuracy: 0.82
		Step Number: 50
		Online accuracy: 0.79
		test accuracy: 0.6940
		validation accuracy: 0.7160
		Epoch run time in seconds: 3.3146
	Epoch number: 209
		Step Number: 25
		Online accuracy: 0.81
		Step Number: 50
		Online accuracy: 0.80
		test accuracy: 0.7170
		validation accuracy: 0.7260
		Epoch run time in seconds: 3.4610
	Epoch number: 210
		Step Number: 25
		Online accuracy: 0.81
		Step Number: 50
		Online accuracy: 0.80
		test accuracy: 0.7100
		validation accuracy: 0.7240
		Epoch run time in seconds: 3.5660
	Epoch number: 211
		Step Number: 25
		Online accuracy: 0.83
		Step Number: 50
		Online accuracy: 0.82
		test accuracy: 0.7130
		validation accuracy: 0.7180
		Epoch run time in seconds: 3.1414
	Epoch number: 212
		Step Number: 25
		Online accuracy: 0.81
		Step Number: 50
		Online accuracy: 0.82
		test accuracy: 0.7140
		validation accuracy: 0.7220
		Epoch run time in seconds: 3.2141
	Epoch number: 213
		Step Number: 25
		Online accuracy: 0.85
		Step Number: 50
		Online accuracy: 0.83
		test accuracy: 0.7220
		validation accuracy: 0.7400
		Epoch run time in seconds: 3.4674
	Epoch number: 214
		Step Number: 25
		Online accuracy: 0.85
		Step Number: 50
		Online accuracy: 0.85
		test accuracy: 0.7220
		validation accuracy: 0.7160
		Epoch run time in seconds: 3.2237
	Epoch number: 215
		Step Number: 25
		Online accuracy: 0.84
		Step Number: 50
		Online accuracy: 0.85
		test accuracy: 0.7170
		validation accuracy: 0.7260
		Epoch run time in seconds: 3.2279
	Epoch number: 216
		Step Number: 25
		Online accuracy: 0.86
		Step Number: 50
		Online accuracy: 0.86
		test accuracy: 0.7350
		validation accuracy: 0.7360
		Epoch run time in seconds: 3.6087
	Epoch number: 217
		Step Number: 25
		Online accuracy: 0.85
		Step Number: 50
		Online accuracy: 0.85
		test accuracy: 0.7160
		validation accuracy: 0.7240
		Epoch run time in seconds: 3.2513
	Epoch number: 218
		Step Number: 25
		Online accuracy: 0.85
		Step Number: 50
		Online accuracy: 0.84
		test accuracy: 0.7220
		validation accuracy: 0.7320
		Epoch run time in seconds: 3.1993
	Epoch number: 219
		Step Number: 25
		Online accuracy: 0.86
		Step Number: 50
		Online accuracy: 0.85
		test accuracy: 0.7140
		validation accuracy: 0.7380
		Epoch run time in seconds: 3.5904
	Epoch number: 220
		Step Number: 25
		Online accuracy: 0.85
		Step Number: 50
		Online accuracy: 0.87
		test accuracy: 0.7200
		validation accuracy: 0.7300
		Epoch run time in seconds: 3.2967
	Epoch number: 221
		Step Number: 25
		Online accuracy: 0.88
		Step Number: 50
		Online accuracy: 0.87
		test accuracy: 0.7360
		validation accuracy: 0.7380
		Epoch run time in seconds: 3.2038
	Epoch number: 222
		Step Number: 25
		Online accuracy: 0.88
		Step Number: 50
		Online accuracy: 0.87
		test accuracy: 0.7400
		validation accuracy: 0.7460
		Epoch run time in seconds: 3.5629
	Epoch number: 223
		Step Number: 25
		Online accuracy: 0.87
		Step Number: 50
		Online accuracy: 0.87
		test accuracy: 0.7290
		validation accuracy: 0.7160
		Epoch run time in seconds: 3.3024
	Epoch number: 224
		Step Number: 25
		Online accuracy: 0.88
		Step Number: 50
		Online accuracy: 0.88
		test accuracy: 0.7310
		validation accuracy: 0.7300
		Epoch run time in seconds: 3.3103
	Epoch number: 225
		Step Number: 25
		Online accuracy: 0.89
		Step Number: 50
		Online accuracy: 0.89
		test accuracy: 0.7310
		validation accuracy: 0.7520
		Epoch run time in seconds: 3.4670
	Epoch number: 226
		Step Number: 25
		Online accuracy: 0.89
		Step Number: 50
		Online accuracy: 0.89
		test accuracy: 0.7630
		validation accuracy: 0.7360
		Epoch run time in seconds: 3.2365
	Epoch number: 227
		Step Number: 25
		Online accuracy: 0.90
		Step Number: 50
		Online accuracy: 0.89
		test accuracy: 0.7330
		validation accuracy: 0.7660
		Epoch run time in seconds: 3.2250
	Epoch number: 228
		Step Number: 25
		Online accuracy: 0.91
		Step Number: 50
		Online accuracy: 0.89
		test accuracy: 0.7320
		validation accuracy: 0.7520
		Epoch run time in seconds: 3.5292
	Epoch number: 229
		Step Number: 25
		Online accuracy: 0.90
		Step Number: 50
		Online accuracy: 0.90
		test accuracy: 0.7540
		validation accuracy: 0.7200
		Epoch run time in seconds: 3.2031
	Epoch number: 230
		Step Number: 25
		Online accuracy: 0.91
		Step Number: 50
		Online accuracy: 0.89
		test accuracy: 0.7150
		validation accuracy: 0.7520
		Epoch run time in seconds: 3.1473
	Epoch number: 231
		Step Number: 25
		Online accuracy: 0.90
		Step Number: 50
		Online accuracy: 0.90
		test accuracy: 0.7480
		validation accuracy: 0.7320
		Epoch run time in seconds: 3.5780
	Epoch number: 232
		Step Number: 25
		Online accuracy: 0.91
		Step Number: 50
		Online accuracy: 0.90
		test accuracy: 0.7300
		validation accuracy: 0.7420
		Epoch run time in seconds: 3.2645
	Epoch number: 233
		Step Number: 25
		Online accuracy: 0.91
		Step Number: 50
		Online accuracy: 0.90
		test accuracy: 0.7230
		validation accuracy: 0.7380
		Epoch run time in seconds: 3.1508
	Epoch number: 234
		Step Number: 25
		Online accuracy: 0.92
		Step Number: 50
		Online accuracy: 0.90
		test accuracy: 0.7390
		validation accuracy: 0.7280
		Epoch run time in seconds: 3.5799
	Epoch number: 235
		Step Number: 25
		Online accuracy: 0.92
		Step Number: 50
		Online accuracy: 0.91
		test accuracy: 0.7430
		validation accuracy: 0.7200
		Epoch run time in seconds: 3.3074
	Epoch number: 236
		Step Number: 25
		Online accuracy: 0.91
		Step Number: 50
		Online accuracy: 0.91
		test accuracy: 0.7310
		validation accuracy: 0.7420
		Epoch run time in seconds: 3.6409
	Epoch number: 237
		Step Number: 25
		Online accuracy: 0.92
		Step Number: 50
		Online accuracy: 0.91
		test accuracy: 0.7530
		validation accuracy: 0.7340
		Epoch run time in seconds: 3.2307
	Epoch number: 238
		Step Number: 25
		Online accuracy: 0.92
		Step Number: 50
		Online accuracy: 0.91
		test accuracy: 0.7350
		validation accuracy: 0.7440
		Epoch run time in seconds: 3.3813
	Epoch number: 239
		Step Number: 25
		Online accuracy: 0.92
		Step Number: 50
		Online accuracy: 0.90
		test accuracy: 0.7450
		validation accuracy: 0.7540
		Epoch run time in seconds: 3.2529
	Epoch number: 240
		Step Number: 25
		Online accuracy: 0.92
		Step Number: 50
		Online accuracy: 0.93
		test accuracy: 0.7350
		validation accuracy: 0.7620
		Epoch run time in seconds: 3.5949
	Epoch number: 241
		Step Number: 25
		Online accuracy: 0.92
		Step Number: 50
		Online accuracy: 0.92
		test accuracy: 0.7180
		validation accuracy: 0.7240
		Epoch run time in seconds: 3.3107
	Epoch number: 242
		Step Number: 25
		Online accuracy: 0.93
		Step Number: 50
		Online accuracy: 0.92
		test accuracy: 0.7360
		validation accuracy: 0.7300
		Epoch run time in seconds: 3.2576
	Epoch number: 243
		Step Number: 25
		Online accuracy: 0.92
		Step Number: 50
		Online accuracy: 0.92
		test accuracy: 0.7360
		validation accuracy: 0.7500
		Epoch run time in seconds: 3.2720
	Epoch number: 244
		Step Number: 25
		Online accuracy: 0.93
		Step Number: 50
		Online accuracy: 0.93
		test accuracy: 0.7450
		validation accuracy: 0.7540
		Epoch run time in seconds: 3.2150
	Epoch number: 245
		Step Number: 25
		Online accuracy: 0.93
		Step Number: 50
		Online accuracy: 0.92
		test accuracy: 0.7500
		validation accuracy: 0.7220
		Epoch run time in seconds: 3.2816
	Epoch number: 246
		Step Number: 25
		Online accuracy: 0.92
		Step Number: 50
		Online accuracy: 0.92
		test accuracy: 0.7280
		validation accuracy: 0.7660
		Epoch run time in seconds: 3.6103
	Epoch number: 247
		Step Number: 25
		Online accuracy: 0.94
		Step Number: 50
		Online accuracy: 0.93
		test accuracy: 0.7420
		validation accuracy: 0.7340
		Epoch run time in seconds: 3.2106
	Epoch number: 248
		Step Number: 25
		Online accuracy: 0.92
		Step Number: 50
		Online accuracy: 0.92
		test accuracy: 0.7420
		validation accuracy: 0.7340
		Epoch run time in seconds: 3.2954
	Epoch number: 249
		Step Number: 25
		Online accuracy: 0.93
		Step Number: 50
		Online accuracy: 0.93
		test accuracy: 0.7360
		validation accuracy: 0.7420
		Epoch run time in seconds: 3.5501
	Epoch number: 250
		Step Number: 25
		Online accuracy: 0.93
		Step Number: 50
		Online accuracy: 0.93
		test accuracy: 0.7490
		validation accuracy: 0.7340
		Epoch run time in seconds: 3.2325
	Epoch number: 251
		Step Number: 25
		Online accuracy: 0.93
		Step Number: 50
		Online accuracy: 0.93
		test accuracy: 0.7300
		validation accuracy: 0.7480
		Epoch run time in seconds: 3.5600
	Epoch number: 252
		Step Number: 25
		Online accuracy: 0.92
		Step Number: 50
		Online accuracy: 0.93
		test accuracy: 0.7350
		validation accuracy: 0.7360
		Epoch run time in seconds: 3.2021
	Epoch number: 253
		Step Number: 25
		Online accuracy: 0.91
		Step Number: 50
		Online accuracy: 0.93
		test accuracy: 0.7360
		validation accuracy: 0.7380
		Epoch run time in seconds: 3.3155
	Epoch number: 254
		Step Number: 25
		Online accuracy: 0.93
		Step Number: 50
		Online accuracy: 0.92
		test accuracy: 0.7430
		validation accuracy: 0.7340
		Epoch run time in seconds: 3.2430
	Epoch number: 255
		Step Number: 25
		Online accuracy: 0.93
		Step Number: 50
		Online accuracy: 0.92
		test accuracy: 0.7250
		validation accuracy: 0.7580
		Epoch run time in seconds: 3.6127
	Epoch number: 256
		Step Number: 25
		Online accuracy: 0.93
		Step Number: 50
		Online accuracy: 0.93
		test accuracy: 0.7230
		validation accuracy: 0.7260
		Epoch run time in seconds: 3.3269
	Epoch number: 257
		Step Number: 25
		Online accuracy: 0.93
		Step Number: 50
		Online accuracy: 0.93
		test accuracy: 0.7530
		validation accuracy: 0.7320
		Epoch run time in seconds: 3.2342
	Epoch number: 258
		Step Number: 25
		Online accuracy: 0.93
		Step Number: 50
		Online accuracy: 0.94
		test accuracy: 0.7200
		validation accuracy: 0.7200
		Epoch run time in seconds: 3.5689
	Epoch number: 259
		Step Number: 25
		Online accuracy: 0.93
		Step Number: 50
		Online accuracy: 0.93
		test accuracy: 0.7300
		validation accuracy: 0.7700
		Epoch run time in seconds: 3.2369
	Epoch number: 260
		Step Number: 25
		Online accuracy: 0.92
		Step Number: 50
		Online accuracy: 0.93
		test accuracy: 0.7420
		validation accuracy: 0.7260
		Epoch run time in seconds: 3.2401
	Epoch number: 261
	Mid-task: LR decay to 0.02000, optimizer state reset
	Current stepsize: 0.02000
		Step Number: 25
		Online accuracy: 0.94
		Step Number: 50
		Online accuracy: 0.94
		test accuracy: 0.7380
		validation accuracy: 0.7300
		Epoch run time in seconds: 3.6490
	Epoch number: 262
		Step Number: 25
		Online accuracy: 0.94
		Step Number: 50
		Online accuracy: 0.93
		test accuracy: 0.7370
		validation accuracy: 0.7140
		Epoch run time in seconds: 3.2680
	Epoch number: 263
		Step Number: 25
		Online accuracy: 0.94
		Step Number: 50
		Online accuracy: 0.94
		test accuracy: 0.7490
		validation accuracy: 0.7560
		Epoch run time in seconds: 3.2144
	Epoch number: 264
		Step Number: 25
		Online accuracy: 0.93
		Step Number: 50
		Online accuracy: 0.94
		test accuracy: 0.7110
		validation accuracy: 0.7360
		Epoch run time in seconds: 4.0850
	Epoch number: 265
		Step Number: 25
		Online accuracy: 0.94
		Step Number: 50
		Online accuracy: 0.94
		test accuracy: 0.7500
		validation accuracy: 0.7420
		Epoch run time in seconds: 3.3255
	Epoch number: 266
		Step Number: 25
		Online accuracy: 0.94
		Step Number: 50
		Online accuracy: 0.95
		test accuracy: 0.7270
		validation accuracy: 0.7520
		Epoch run time in seconds: 3.3152
	Epoch number: 267
		Step Number: 25
		Online accuracy: 0.95
		Step Number: 50
		Online accuracy: 0.93
		test accuracy: 0.7380
		validation accuracy: 0.7420
		Epoch run time in seconds: 3.6419
	Epoch number: 268
		Step Number: 25
		Online accuracy: 0.94
		Step Number: 50
		Online accuracy: 0.94
		test accuracy: 0.7320
		validation accuracy: 0.7560
		Epoch run time in seconds: 3.2202
	Epoch number: 269
		Step Number: 25
		Online accuracy: 0.94
		Step Number: 50
		Online accuracy: 0.93
		test accuracy: 0.7340
		validation accuracy: 0.7600
		Epoch run time in seconds: 3.2347
	Epoch number: 270
		Step Number: 25
		Online accuracy: 0.93
		Step Number: 50
		Online accuracy: 0.94
		test accuracy: 0.7290
		validation accuracy: 0.7300
		Epoch run time in seconds: 3.2369
	Epoch number: 271
		Step Number: 25
		Online accuracy: 0.94
		Step Number: 50
		Online accuracy: 0.93
		test accuracy: 0.7590
		validation accuracy: 0.7420
		Epoch run time in seconds: 3.2334
	Epoch number: 272
		Step Number: 25
		Online accuracy: 0.93
		Step Number: 50
		Online accuracy: 0.93
		test accuracy: 0.7460
		validation accuracy: 0.7320
		Epoch run time in seconds: 3.2953
	Epoch number: 273
		Step Number: 25
		Online accuracy: 0.94
		Step Number: 50
		Online accuracy: 0.94
		test accuracy: 0.7330
		validation accuracy: 0.7380
		Epoch run time in seconds: 3.6305
	Epoch number: 274
		Step Number: 25
		Online accuracy: 0.94
		Step Number: 50
		Online accuracy: 0.94
		test accuracy: 0.7260
		validation accuracy: 0.7320
		Epoch run time in seconds: 3.2816
	Epoch number: 275
		Step Number: 25
		Online accuracy: 0.94
		Step Number: 50
		Online accuracy: 0.94
		test accuracy: 0.7190
		validation accuracy: 0.7260
		Epoch run time in seconds: 3.3020
	Epoch number: 276
		Step Number: 25
		Online accuracy: 0.95
		Step Number: 50
		Online accuracy: 0.94
		test accuracy: 0.7330
		validation accuracy: 0.7440
		Epoch run time in seconds: 3.5236
	Epoch number: 277
		Step Number: 25
		Online accuracy: 0.93
		Step Number: 50
		Online accuracy: 0.94
		test accuracy: 0.7250
		validation accuracy: 0.7400
		Epoch run time in seconds: 3.2329
	Epoch number: 278
		Step Number: 25
		Online accuracy: 0.94
		Step Number: 50
		Online accuracy: 0.95
		test accuracy: 0.7400
		validation accuracy: 0.7360
		Epoch run time in seconds: 3.3293
	Epoch number: 279
		Step Number: 25
		Online accuracy: 0.95
		Step Number: 50
		Online accuracy: 0.94
		test accuracy: 0.7300
		validation accuracy: 0.7120
		Epoch run time in seconds: 3.6186
	Epoch number: 280
		Step Number: 25
		Online accuracy: 0.94
		Step Number: 50
		Online accuracy: 0.94
		test accuracy: 0.7430
		validation accuracy: 0.7300
		Epoch run time in seconds: 3.2729
	Epoch number: 281
		Step Number: 25
		Online accuracy: 0.94
		Step Number: 50
		Online accuracy: 0.94
		test accuracy: 0.7330
		validation accuracy: 0.7260
		Epoch run time in seconds: 3.3269
	Epoch number: 282
		Step Number: 25
		Online accuracy: 0.94
		Step Number: 50
		Online accuracy: 0.94
		test accuracy: 0.7290
		validation accuracy: 0.7300
		Epoch run time in seconds: 3.6322
	Epoch number: 283
		Step Number: 25
		Online accuracy: 0.94
		Step Number: 50
		Online accuracy: 0.93
		test accuracy: 0.7310
		validation accuracy: 0.7220
		Epoch run time in seconds: 3.2099
	Epoch number: 284
		Step Number: 25
		Online accuracy: 0.94
		Step Number: 50
		Online accuracy: 0.94
		test accuracy: 0.7270
		validation accuracy: 0.7360
		Epoch run time in seconds: 3.5619
	Epoch number: 285
		Step Number: 25
		Online accuracy: 0.95
		Step Number: 50
		Online accuracy: 0.94
		test accuracy: 0.7330
		validation accuracy: 0.7500
		Epoch run time in seconds: 3.2341
	Epoch number: 286
		Step Number: 25
		Online accuracy: 0.94
		Step Number: 50
		Online accuracy: 0.95
		test accuracy: 0.7210
		validation accuracy: 0.7220
		Epoch run time in seconds: 3.2654
	Epoch number: 287
		Step Number: 25
		Online accuracy: 0.95
		Step Number: 50
		Online accuracy: 0.94
		test accuracy: 0.7230
		validation accuracy: 0.7440
		Epoch run time in seconds: 3.5473
	Epoch number: 288
		Step Number: 25
		Online accuracy: 0.95
		Step Number: 50
		Online accuracy: 0.94
		test accuracy: 0.7380
		validation accuracy: 0.7220
		Epoch run time in seconds: 3.3140
	Epoch number: 289
		Step Number: 25
		Online accuracy: 0.95
		Step Number: 50
		Online accuracy: 0.94
		test accuracy: 0.7340
		validation accuracy: 0.7360
		Epoch run time in seconds: 3.2987
	Epoch number: 290
		Step Number: 25
		Online accuracy: 0.95
		Step Number: 50
		Online accuracy: 0.94
		test accuracy: 0.7240
		validation accuracy: 0.7520
		Epoch run time in seconds: 3.5889
	Epoch number: 291
		Step Number: 25
		Online accuracy: 0.94
		Step Number: 50
		Online accuracy: 0.94
		test accuracy: 0.7400
		validation accuracy: 0.7380
		Epoch run time in seconds: 3.2249
	Epoch number: 292
		Step Number: 25
		Online accuracy: 0.93
		Step Number: 50
		Online accuracy: 0.93
		test accuracy: 0.7290
		validation accuracy: 0.7420
		Epoch run time in seconds: 3.1880
	Epoch number: 293
		Step Number: 25
		Online accuracy: 0.94
		Step Number: 50
		Online accuracy: 0.94
		test accuracy: 0.7390
		validation accuracy: 0.7280
		Epoch run time in seconds: 3.7092
	Epoch number: 294
		Step Number: 25
		Online accuracy: 0.95
		Step Number: 50
		Online accuracy: 0.94
		test accuracy: 0.7280
		validation accuracy: 0.7320
		Epoch run time in seconds: 3.2145
	Epoch number: 295
		Step Number: 25
		Online accuracy: 0.94
		Step Number: 50
		Online accuracy: 0.93
		test accuracy: 0.7400
		validation accuracy: 0.7440
		Epoch run time in seconds: 3.2449
	Epoch number: 296
		Step Number: 25
		Online accuracy: 0.94
		Step Number: 50
		Online accuracy: 0.93
		test accuracy: 0.7200
		validation accuracy: 0.7220
		Epoch run time in seconds: 3.2036
	Epoch number: 297
		Step Number: 25
		Online accuracy: 0.95
		Step Number: 50
		Online accuracy: 0.95
		test accuracy: 0.7320
		validation accuracy: 0.7360
		Epoch run time in seconds: 3.6673
	Epoch number: 298
		Step Number: 25
		Online accuracy: 0.95
		Step Number: 50
		Online accuracy: 0.94
		test accuracy: 0.7450
		validation accuracy: 0.7420
		Epoch run time in seconds: 3.2493
	Epoch number: 299
		Step Number: 25
		Online accuracy: 0.93
		Step Number: 50
		Online accuracy: 0.94
		test accuracy: 0.7350
		validation accuracy: 0.7320
		Epoch run time in seconds: 3.3699
	Epoch number: 300
		Step Number: 25
		Online accuracy: 0.95
		Step Number: 50
		Online accuracy: 0.94
		test accuracy: 0.7220
